2025-05-11 11:51:36,022 - INFO - Iniciando verificación de integridad para 2800 videos
2025-05-11 11:52:07,786 - INFO - 
==================================================
2025-05-11 11:52:07,787 - INFO - ESTADÍSTICAS DE PROCESAMIENTO DE VIDEOS
2025-05-11 11:52:07,787 - INFO - ==================================================
2025-05-11 11:52:07,787 - INFO - Total de videos procesados: 2800
2025-05-11 11:52:07,787 - INFO - Videos corruptos encontrados: 0
2025-05-11 11:52:07,787 - INFO - Videos reparados exitosamente: 0
2025-05-11 11:52:07,787 - INFO - Reparaciones fallidas: 0
2025-05-11 11:52:07,787 - INFO - ==================================================
2025-05-11 11:52:28,656 - INFO - Iniciando verificación de integridad para 2800 videos
2025-05-11 11:53:00,946 - INFO - 
==================================================
2025-05-11 11:53:00,947 - INFO - ESTADÍSTICAS DE PROCESAMIENTO DE VIDEOS
2025-05-11 11:53:00,947 - INFO - ==================================================
2025-05-11 11:53:00,947 - INFO - Total de videos procesados: 2800
2025-05-11 11:53:00,947 - INFO - Videos corruptos encontrados: 0
2025-05-11 11:53:00,947 - INFO - Videos reparados exitosamente: 0
2025-05-11 11:53:00,947 - INFO - Reparaciones fallidas: 0
2025-05-11 11:53:00,948 - INFO - ==================================================
